d:\learningmaterial\2019_2020_spring\comp4411\project\project_4\aniskels20\debug\animator.bsc
d:\learningmaterial\2019_2020_spring\comp4411\project\project_4\aniskels20\debug\vc142.pdb
d:\learningmaterial\2019_2020_spring\comp4411\project\project_4\aniskels20\debug\vc142.idb
d:\learningmaterial\2019_2020_spring\comp4411\project\project_4\aniskels20\debug\rulerwindow.sbr
d:\learningmaterial\2019_2020_spring\comp4411\project\project_4\aniskels20\debug\rect.sbr
d:\learningmaterial\2019_2020_spring\comp4411\project\project_4\aniskels20\debug\indicatorwindow.sbr
d:\learningmaterial\2019_2020_spring\comp4411\project\project_4\aniskels20\debug\graphwidget.sbr
d:\learningmaterial\2019_2020_spring\comp4411\project\project_4\aniskels20\debug\pointobj.sbr
d:\learningmaterial\2019_2020_spring\comp4411\project\project_4\aniskels20\debug\point.sbr
d:\learningmaterial\2019_2020_spring\comp4411\project\project_4\aniskels20\debug\particlesystem.sbr
d:\learningmaterial\2019_2020_spring\comp4411\project\project_4\aniskels20\debug\particle.sbr
d:\learningmaterial\2019_2020_spring\comp4411\project\project_4\aniskels20\debug\bitmap.sbr
d:\learningmaterial\2019_2020_spring\comp4411\project\project_4\aniskels20\debug\robotarm.sbr
d:\learningmaterial\2019_2020_spring\comp4411\project\project_4\aniskels20\debug\modelerview.sbr
d:\learningmaterial\2019_2020_spring\comp4411\project\project_4\aniskels20\debug\modeleruiwindows.sbr
d:\learningmaterial\2019_2020_spring\comp4411\project\project_4\aniskels20\debug\modelerui.sbr
d:\learningmaterial\2019_2020_spring\comp4411\project\project_4\aniskels20\debug\modelerdraw.sbr
d:\learningmaterial\2019_2020_spring\comp4411\project\project_4\aniskels20\debug\modelerapp.sbr
d:\learningmaterial\2019_2020_spring\comp4411\project\project_4\aniskels20\debug\camera.sbr
d:\learningmaterial\2019_2020_spring\comp4411\project\project_4\aniskels20\debug\linearcurveevaluator.sbr
d:\learningmaterial\2019_2020_spring\comp4411\project\project_4\aniskels20\debug\curveevaluator.sbr
d:\learningmaterial\2019_2020_spring\comp4411\project\project_4\aniskels20\debug\curve.sbr
d:\learningmaterial\2019_2020_spring\comp4411\project\project_4\aniskels20\debug\curve.obj
d:\learningmaterial\2019_2020_spring\comp4411\project\project_4\aniskels20\debug\curveevaluator.obj
d:\learningmaterial\2019_2020_spring\comp4411\project\project_4\aniskels20\debug\linearcurveevaluator.obj
d:\learningmaterial\2019_2020_spring\comp4411\project\project_4\aniskels20\debug\camera.obj
d:\learningmaterial\2019_2020_spring\comp4411\project\project_4\aniskels20\debug\modelerapp.obj
d:\learningmaterial\2019_2020_spring\comp4411\project\project_4\aniskels20\debug\modelerdraw.obj
d:\learningmaterial\2019_2020_spring\comp4411\project\project_4\aniskels20\debug\modelerui.obj
d:\learningmaterial\2019_2020_spring\comp4411\project\project_4\aniskels20\debug\modeleruiwindows.obj
d:\learningmaterial\2019_2020_spring\comp4411\project\project_4\aniskels20\debug\modelerview.obj
d:\learningmaterial\2019_2020_spring\comp4411\project\project_4\aniskels20\debug\robotarm.obj
d:\learningmaterial\2019_2020_spring\comp4411\project\project_4\aniskels20\debug\bitmap.obj
d:\learningmaterial\2019_2020_spring\comp4411\project\project_4\aniskels20\debug\particle.obj
d:\learningmaterial\2019_2020_spring\comp4411\project\project_4\aniskels20\debug\particlesystem.obj
d:\learningmaterial\2019_2020_spring\comp4411\project\project_4\aniskels20\debug\point.obj
d:\learningmaterial\2019_2020_spring\comp4411\project\project_4\aniskels20\debug\pointobj.obj
d:\learningmaterial\2019_2020_spring\comp4411\project\project_4\aniskels20\debug\graphwidget.obj
d:\learningmaterial\2019_2020_spring\comp4411\project\project_4\aniskels20\debug\indicatorwindow.obj
d:\learningmaterial\2019_2020_spring\comp4411\project\project_4\aniskels20\debug\rect.obj
d:\learningmaterial\2019_2020_spring\comp4411\project\project_4\aniskels20\debug\rulerwindow.obj
d:\learningmaterial\2019_2020_spring\comp4411\project\project_4\aniskels20\debug\sample.sbr
d:\learningmaterial\2019_2020_spring\comp4411\project\project_4\aniskels20\debug\modelobject_torus.sbr
d:\learningmaterial\2019_2020_spring\comp4411\project\project_4\aniskels20\debug\modelobject_sphere.sbr
d:\learningmaterial\2019_2020_spring\comp4411\project\project_4\aniskels20\debug\modelobject_prism.sbr
d:\learningmaterial\2019_2020_spring\comp4411\project\project_4\aniskels20\debug\modelobject_cylinder.sbr
d:\learningmaterial\2019_2020_spring\comp4411\project\project_4\aniskels20\debug\modelobject_box.sbr
d:\learningmaterial\2019_2020_spring\comp4411\project\project_4\aniskels20\debug\modelobject.sbr
d:\learningmaterial\2019_2020_spring\comp4411\project\project_4\aniskels20\debug\modelcontrol.sbr
d:\learningmaterial\2019_2020_spring\comp4411\project\project_4\aniskels20\debug\modelattachment.sbr
d:\learningmaterial\2019_2020_spring\comp4411\project\project_4\aniskels20\debug\modelattachment.obj
d:\learningmaterial\2019_2020_spring\comp4411\project\project_4\aniskels20\debug\modelcontrol.obj
d:\learningmaterial\2019_2020_spring\comp4411\project\project_4\aniskels20\debug\modelobject.obj
d:\learningmaterial\2019_2020_spring\comp4411\project\project_4\aniskels20\debug\modelobject_box.obj
d:\learningmaterial\2019_2020_spring\comp4411\project\project_4\aniskels20\debug\modelobject_prism.obj
d:\learningmaterial\2019_2020_spring\comp4411\project\project_4\aniskels20\debug\modelobject_sphere.obj
d:\learningmaterial\2019_2020_spring\comp4411\project\project_4\aniskels20\debug\modelobject_torus.obj
d:\learningmaterial\2019_2020_spring\comp4411\project\project_4\aniskels20\debug\modelobject_cylinder.obj
d:\learningmaterial\2019_2020_spring\comp4411\project\project_4\aniskels20\debug\sample.obj
d:\learningmaterial\2019_2020_spring\comp4411\project\project_4\aniskels20\debug\modeler.exe
d:\learningmaterial\2019_2020_spring\comp4411\project\project_4\aniskels20\debug\modeler.ilk
d:\learningmaterial\2019_2020_spring\comp4411\project\project_4\aniskels20\debug\animator.pdb
d:\learningmaterial\2019_2020_spring\comp4411\project\project_4\aniskels20\debug\modeler.tlog\bscmake.command.1.tlog
d:\learningmaterial\2019_2020_spring\comp4411\project\project_4\aniskels20\debug\modeler.tlog\bscmake.read.1.tlog
d:\learningmaterial\2019_2020_spring\comp4411\project\project_4\aniskels20\debug\modeler.tlog\bscmake.write.1.tlog
d:\learningmaterial\2019_2020_spring\comp4411\project\project_4\aniskels20\debug\modeler.tlog\cl.command.1.tlog
d:\learningmaterial\2019_2020_spring\comp4411\project\project_4\aniskels20\debug\modeler.tlog\cl.read.1.tlog
d:\learningmaterial\2019_2020_spring\comp4411\project\project_4\aniskels20\debug\modeler.tlog\cl.write.1.tlog
d:\learningmaterial\2019_2020_spring\comp4411\project\project_4\aniskels20\debug\modeler.tlog\link.17404-cvtres.read.1.tlog
d:\learningmaterial\2019_2020_spring\comp4411\project\project_4\aniskels20\debug\modeler.tlog\link.17404-cvtres.write.1.tlog
d:\learningmaterial\2019_2020_spring\comp4411\project\project_4\aniskels20\debug\modeler.tlog\link.17404-rc.read.1.tlog
d:\learningmaterial\2019_2020_spring\comp4411\project\project_4\aniskels20\debug\modeler.tlog\link.17404-rc.write.1.tlog
d:\learningmaterial\2019_2020_spring\comp4411\project\project_4\aniskels20\debug\modeler.tlog\link.17404.read.1.tlog
d:\learningmaterial\2019_2020_spring\comp4411\project\project_4\aniskels20\debug\modeler.tlog\link.17404.write.1.tlog
d:\learningmaterial\2019_2020_spring\comp4411\project\project_4\aniskels20\debug\modeler.tlog\link.command.1.tlog
d:\learningmaterial\2019_2020_spring\comp4411\project\project_4\aniskels20\debug\modeler.tlog\link.read.1.tlog
d:\learningmaterial\2019_2020_spring\comp4411\project\project_4\aniskels20\debug\modeler.tlog\link.write.1.tlog
